<?xml version="1.0" encoding="utf-8"?><testsuites name="pytest tests"><testsuite name="pytest" errors="0" failures="0" skipped="1" tests="145" time="135.499" timestamp="2026-05-20T03:03:04.845536+03:00" hostname="DESKTOP-EI1GGQV"><testcase classname="tests.unit.test_constraints.TestNoRoomDoubleBooking" name="test_valid_no_conflicts" time="0.001" /><testcase classname="tests.unit.test_constraints.TestNoRoomDoubleBooking" name="test_one_double_booking" time="0.001" /><testcase classname="tests.unit.test_constraints.TestNoRoomDoubleBooking" name="test_multiple_double_bookings" time="0.001" /><testcase classname="tests.unit.test_constraints.TestNoRoomDoubleBooking" name="test_empty_schedule" time="0.000" /><testcase classname="tests.unit.test_constraints.TestNoRoomDoubleBooking" name="test_same_room_different_slot" time="0.000" /><testcase classname="tests.unit.test_constraints.TestNoRoomDoubleBooking" name="test_different_room_same_slot" time="0.000" /><testcase classname="tests.unit.test_constraints.TestNoStudentClash" name="test_no_conflicts" time="0.000" /><testcase classname="tests.unit.test_constraints.TestNoStudentClash" name="test_one_conflict_pair" time="0.000" /><testcase classname="tests.unit.test_constraints.TestNoStudentClash" name="test_multiple_conflicts_same_slot" time="0.000" /><testcase classname="tests.unit.test_constraints.TestNoStudentClash" name="test_no_conflicts_different_slots" time="0.000" /><testcase classname="tests.unit.test_constraints.TestNoStudentClash" name="test_empty_schedule" time="0.000" /><testcase classname="tests.unit.test_constraints.TestNoStudentClash" name="test_single_exam_no_conflict" time="0.000" /><testcase classname="tests.unit.test_constraints.TestOneExamPerStudentPerDay" name="test_no_same_day_conflicts" time="0.000" /><testcase classname="tests.unit.test_constraints.TestOneExamPerStudentPerDay" name="test_one_same_day_conflict" time="0.000" /><testcase classname="tests.unit.test_constraints.TestOneExamPerStudentPerDay" name="test_no_conflict_but_same_day" time="0.000" /><testcase classname="tests.unit.test_constraints.TestOneExamPerStudentPerDay" name="test_empty_schedule" time="0.000" /><testcase classname="tests.unit.test_constraints.TestExamsSpreadEvenly" name="test_perfectly_even" time="0.000" /><testcase classname="tests.unit.test_constraints.TestExamsSpreadEvenly" name="test_clustered_day" time="0.000" /><testcase classname="tests.unit.test_constraints.TestExamsSpreadEvenly" name="test_empty_schedule" time="0.000" /><testcase classname="tests.unit.test_constraints.TestExamsSpreadEvenly" name="test_single_exam" time="0.000" /><testcase classname="tests.unit.test_constraints.TestAssignRoomsToExam" name="test_fits_one_room" time="0.000" /><testcase classname="tests.unit.test_constraints.TestAssignRoomsToExam" name="test_splits_across_multiple_rooms" time="0.000" /><testcase classname="tests.unit.test_constraints.TestAssignRoomsToExam" name="test_not_enough_capacity_raises" time="0.000" /><testcase classname="tests.unit.test_constraints.TestAssignRoomsToExam" name="test_no_rooms_returns_empty" time="0.000" /><testcase classname="tests.unit.test_constraints.TestAssignRoomsToExam" name="test_rooms_used_in_capacity_order" time="0.000" /><testcase classname="tests.unit.test_constraints.TestHardViolations" name="test_perfect_schedule_zero_hard" time="0.001" /><testcase classname="tests.unit.test_constraints.TestHardViolations" name="test_double_booked_detected" time="0.000" /><testcase classname="tests.unit.test_constraints.TestSoftViolations" name="test_perfect_schedule_zero_soft" time="0.000" /><testcase classname="tests.unit.test_constraints.TestExplainViolations" name="test_explain_runs_without_error" time="0.028" /><testcase classname="tests.unit.test_data_loader.TestLoadExams" name="test_load_exams_returns_dict" time="0.001" /><testcase classname="tests.unit.test_data_loader.TestLoadExams" name="test_exam_structure" time="0.001"><skipped type="pytest.skip" message="Data quality issue: 2 exam(s) with student count mismatch:&#10;PHY111/PHYS001: num=21, actual students=22&#10;PHY111/PHYS002: num=20, actual students=23">C:\Users\PC\OneDrive\Desktop\ProjectAItest\Aiproject\tests\unit\test_data_loader.py:28: Data quality issue: 2 exam(s) with student count mismatch:
PHY111/PHYS001: num=21, actual students=22
PHY111/PHYS002: num=20, actual students=23</skipped></testcase><testcase classname="tests.unit.test_data_loader.TestLoadExams" name="test_exam_ids_strings" time="0.000" /><testcase classname="tests.unit.test_data_loader.TestLoadExams" name="test_student_ids_strings" time="0.001" /><testcase classname="tests.unit.test_data_loader.TestLoadRooms" name="test_load_rooms_returns_list" time="0.000" /><testcase classname="tests.unit.test_data_loader.TestLoadRooms" name="test_room_structure" time="0.000" /><testcase classname="tests.unit.test_data_loader.TestLoadRooms" name="test_room_ids_unique" time="0.000" /><testcase classname="tests.unit.test_data_loader.TestLoadTimeslots" name="test_timeslots_returns_list" time="0.000" /><testcase classname="tests.unit.test_data_loader.TestLoadTimeslots" name="test_timeslot_structure" time="0.001" /><testcase classname="tests.unit.test_data_loader.TestLoadTimeslots" name="test_timeslot_ids_unique" time="0.001" /><testcase classname="tests.unit.test_data_loader.TestLoadTimeslots" name="test_no_friday_slots" time="0.000" /><testcase classname="tests.unit.test_data_loader.TestLoadTimeslots" name="test_slot_count" time="0.000" /><testcase classname="tests.unit.test_data_loader.TestBuildConflictMatrix" name="test_matrix_returns_dict_of_sets" time="0.000" /><testcase classname="tests.unit.test_data_loader.TestBuildConflictMatrix" name="test_matrix_symmetric" time="0.001" /><testcase classname="tests.unit.test_data_loader.TestBuildConflictMatrix" name="test_matrix_no_self_conflict" time="0.001" /><testcase classname="tests.unit.test_data_loader.TestBuildConflictMatrix" name="test_matrix_conflict_count_reasonable" time="0.000" /><testcase classname="tests.unit.test_data_loader.TestPersistAndLoad" name="test_save_and_load_conflict_matrix" time="0.035" /><testcase classname="tests.unit.test_data_loader.TestPersistAndLoad" name="test_load_nonexistent_raises" time="0.000" /><testcase classname="tests.unit.test_genetic.TestPopulationGeneration" name="test_population_size" time="0.148" /><testcase classname="tests.unit.test_genetic.TestPopulationGeneration" name="test_all_exams_in_each_individual" time="0.155" /><testcase classname="tests.unit.test_genetic.TestPopulationGeneration" name="test_each_exam_has_valid_structure" time="0.147" /><testcase classname="tests.unit.test_genetic.TestPopulationGeneration" name="test_valid_timeslots" time="0.144" /><testcase classname="tests.unit.test_genetic.TestPopulationGeneration" name="test_deterministic_with_seed" time="0.326" /><testcase classname="tests.unit.test_genetic.TestFitnessEvaluation" name="test_fitness_returns_fitnessresult" time="0.009" /><testcase classname="tests.unit.test_genetic.TestFitnessEvaluation" name="test_fitness_lower_with_conflicts" time="0.001" /><testcase classname="tests.unit.test_genetic.TestFitnessEvaluation" name="test_base_fitness_minus_penalties" time="0.009" /><testcase classname="tests.unit.test_genetic.TestFitnessEvaluation" name="test_fitness_penalty_structure" time="0.000" /><testcase classname="tests.unit.test_genetic.TestFitnessEvaluation" name="test_hard_violations_dominates_soft" time="0.009" /><testcase classname="tests.unit.test_genetic.TestFitnessEvaluation" name="test_fitness_decreases_with_hard_violations[0]" time="0.009" /><testcase classname="tests.unit.test_genetic.TestFitnessEvaluation" name="test_fitness_decreases_with_hard_violations[1]" time="0.009" /><testcase classname="tests.unit.test_genetic.TestFitnessEvaluation" name="test_fitness_decreases_with_hard_violations[5]" time="0.009" /><testcase classname="tests.unit.test_genetic.TestFitnessEvaluation" name="test_fitness_decreases_with_hard_violations[10]" time="0.009" /><testcase classname="tests.unit.test_genetic.TestMutation" name="test_mutation_changes_something" time="0.014" /><testcase classname="tests.unit.test_genetic.TestMutation" name="test_mutation_preserves_structure" time="0.013" /><testcase classname="tests.unit.test_genetic.TestMutation" name="test_mutation_rate_respected_high" time="0.016" /><testcase classname="tests.unit.test_genetic.TestMutation" name="test_mutation_rate_respected_low" time="0.013" /><testcase classname="tests.unit.test_genetic.TestMutation" name="test_mutation_does_not_corrupt" time="0.063" /><testcase classname="tests.unit.test_genetic.TestCrossover" name="test_crossover_creates_valid_child" time="0.022" /><testcase classname="tests.unit.test_genetic.TestCrossover" name="test_crossover_inherits_from_parents" time="0.022" /><testcase classname="tests.unit.test_genetic.TestCrossover" name="test_crossover_rate_zero" time="0.026" /><testcase classname="tests.unit.test_genetic.TestCrossover" name="test_crossover_preserves_dimensions" time="0.022" /><testcase classname="tests.unit.test_genetic.TestSelection" name="test_tournament_returns_valid_individual" time="0.161" /><testcase classname="tests.unit.test_genetic.TestSelection" name="test_tournament_prefers_better_fitness" time="0.216" /><testcase classname="tests.unit.test_genetic.TestSelection" name="test_elite_preserved" time="0.166" /><testcase classname="tests.unit.test_genetic.TestEvolution" name="test_evolve_returns_best_chromosome" time="6.879" /><testcase classname="tests.unit.test_genetic.TestEvolution" name="test_evolve_fitness_improves" time="6.976" /><testcase classname="tests.unit.test_genetic.TestEvolution" name="test_evolve_average_fitness_trend" time="6.974" /><testcase classname="tests.unit.test_genetic.TestEvolution" name="test_evolve_conflicts_decrease" time="6.846" /><testcase classname="tests.unit.test_genetic.TestEvolution" name="test_evolve_different_generations[5]" time="0.467" /><testcase classname="tests.unit.test_genetic.TestEvolution" name="test_evolve_different_generations[10]" time="0.863" /><testcase classname="tests.unit.test_genetic.TestEvolution" name="test_evolve_different_generations[20]" time="1.620" /><testcase classname="tests.unit.test_genetic.TestEvolution" name="test_ga_schedule_all_exams_scheduled" time="7.087" /><testcase classname="tests.unit.test_genetic.TestEvolution" name="test_export_schedule_rows_complete" time="6.977" /><testcase classname="tests.unit.test_genetic.TestPerformance" name="test_larger_ga_converges" time="28.045" /><testcase classname="tests.unit.test_genetic.TestPerformance" name="test_runtime_reasonable" time="27.240" /><testcase classname="tests.unit.test_greedy.TestGreedySchedule" name="test_greedy_returns_list" time="0.006" /><testcase classname="tests.unit.test_greedy.TestGreedySchedule" name="test_greedy_all_exams_scheduled" time="0.006" /><testcase classname="tests.unit.test_greedy.TestGreedySchedule" name="test_greedy_deterministic" time="0.012" /><testcase classname="tests.unit.test_greedy.TestGreedySchedule" name="test_greedy_structure_valid" time="0.007" /><testcase classname="tests.unit.test_greedy.TestGreedySchedule" name="test_greedy_no_room_double_booking" time="0.006" /><testcase classname="tests.unit.test_greedy.TestGreedySchedule" name="test_greedy_room_ids_exist" time="0.008" /><testcase classname="tests.unit.test_greedy.TestGreedySchedule" name="test_greedy_slot_ids_exist" time="0.007" /><testcase classname="tests.unit.test_greedy.TestGreedyMetrics" name="test_compute_metrics_returns_all_keys" time="0.007" /><testcase classname="tests.unit.test_greedy.TestGreedyMetrics" name="test_metrics_runtime_positive" time="0.007" /><testcase classname="tests.unit.test_greedy.TestGreedyMetrics" name="test_metrics_score_reasonable" time="0.007" /><testcase classname="tests.unit.test_greedy.TestGreedyMetrics" name="test_metrics_utilization_bounds" time="0.007" /><testcase classname="tests.unit.test_greedy.TestGreedyMetrics" name="test_metrics_no_negative_penalties" time="0.007" /><testcase classname="tests.unit.test_greedy.TestGreedyMetrics" name="test_metrics_zero_conflicts_possible" time="0.000" /><testcase classname="tests.unit.test_greedy.TestGreedyCompare" name="test_compare_algorithms_structure" time="0.000" /><testcase classname="tests.unit.test_greedy.TestGreedyCompare" name="test_compare_greedy_wins" time="0.000" /><testcase classname="tests.unit.test_greedy.TestGreedyCompare" name="test_compare_tie" time="0.000" /><testcase classname="tests.edge_cases.test_edge_cases.TestEmptyDatasets" name="test_empty_exams_raises" time="0.001" /><testcase classname="tests.edge_cases.test_edge_cases.TestEmptyDatasets" name="test_empty_rooms_raises" time="0.000" /><testcase classname="tests.edge_cases.test_edge_cases.TestEmptyDatasets" name="test_empty_timeslots_raises" time="0.000" /><testcase classname="tests.edge_cases.test_edge_cases.TestEmptyDatasets" name="test_empty_conflict_matrix_ok" time="0.047" /><testcase classname="tests.edge_cases.test_edge_cases.TestSingleItem" name="test_single_exam_single_room" time="0.001" /><testcase classname="tests.edge_cases.test_edge_cases.TestSingleItem" name="test_single_exam_greedy" time="0.000" /><testcase classname="tests.edge_cases.test_edge_cases.TestSingleItem" name="test_single_room_different_timeslots" time="0.001" /><testcase classname="tests.edge_cases.test_edge_cases.TestExtremeInputs" name="test_large_exam_population" time="0.219" /><testcase classname="tests.edge_cases.test_edge_cases.TestExtremeInputs" name="test_many_rooms_few_exams" time="0.001" /><testcase classname="tests.edge_cases.test_edge_cases.TestExtremeInputs" name="test_exam_fills_multiple_rooms" time="0.001" /><testcase classname="tests.edge_cases.test_edge_cases.TestImpossibleSchedules" name="test_insufficient_slots" time="0.001" /><testcase classname="tests.edge_cases.test_edge_cases.TestDuplicateAndMissing" name="test_duplicate_student_ids" time="0.001" /><testcase classname="tests.edge_cases.test_edge_cases.TestDuplicateAndMissing" name="test_missing_rooms_key_in_schedule" time="0.000" /><testcase classname="tests.edge_cases.test_edge_cases.TestGreedyEdgeCases" name="test_greedy_no_exams" time="0.000" /><testcase classname="tests.edge_cases.test_edge_cases.TestGreedyEdgeCases" name="test_greedy_all_conflicting" time="0.000" /><testcase classname="tests.edge_cases.test_edge_cases.TestGreedyEdgeCases" name="test_greedy_room_exhaustion" time="0.001" /><testcase classname="tests.edge_cases.test_edge_cases.TestRandomized" name="test_random_small_datasets[10]" time="0.012" /><testcase classname="tests.edge_cases.test_edge_cases.TestRandomized" name="test_random_small_datasets[20]" time="0.028" /><testcase classname="tests.edge_cases.test_edge_cases.TestRandomized" name="test_random_small_datasets[30]" time="0.023" /><testcase classname="tests.edge_cases.test_edge_cases.TestRandomized" name="test_random_small_datasets[50]" time="0.036" /><testcase classname="tests.edge_cases.test_edge_cases.TestRandomized" name="test_random_small_datasets[100]" time="0.014" /><testcase classname="tests.integration.test_algorithms.TestFullRunGA" name="test_ga_full_pipeline" time="6.936" /><testcase classname="tests.integration.test_algorithms.TestFullRunGA" name="test_ga_all_exams_in_output" time="7.145" /><testcase classname="tests.integration.test_algorithms.TestFullRunGA" name="test_ga_no_crashes_different_seeds" time="4.412" /><testcase classname="tests.integration.test_algorithms.TestFullRunGreedy" name="test_greedy_full_pipeline" time="0.007" /><testcase classname="tests.integration.test_algorithms.TestFullRunGreedy" name="test_greedy_export_json" time="0.022" /><testcase classname="tests.integration.test_algorithms.TestFullRunGreedy" name="test_greedy_export_csv" time="0.011" /><testcase classname="tests.integration.test_algorithms.TestCompareAlgorithmsIntegration" name="test_ga_vs_greedy_comparison" time="7.270" /><testcase classname="tests.integration.test_algorithms.TestCompareAlgorithmsIntegration" name="test_both_algorithms_on_identical_data" time="7.289" /><testcase classname="tests.mathematical.test_formulas.TestQualityScoreFormula" name="test_quality_score_percentage" time="0.003" /><testcase classname="tests.mathematical.test_formulas.TestQualityScoreFormula" name="test_quality_score_scaling" time="0.000" /><testcase classname="tests.mathematical.test_formulas.TestQualityScoreFormula" name="test_quality_with_penalties" time="0.001" /><testcase classname="tests.mathematical.test_formulas.TestQualityScoreFormula" name="test_zero_quality_schedule" time="0.000" /><testcase classname="tests.mathematical.test_formulas.TestConflictCounting" name="test_double_booking_counting" time="0.000" /><testcase classname="tests.mathematical.test_formulas.TestConflictCounting" name="test_student_clash_pair_counting" time="0.000" /><testcase classname="tests.mathematical.test_formulas.TestConflictCounting" name="test_no_double_counting" time="0.000" /><testcase classname="tests.mathematical.test_formulas.TestUtilizationFormulas" name="test_room_utilization" time="0.000" /><testcase classname="tests.mathematical.test_formulas.TestUtilizationFormulas" name="test_slot_utilization" time="0.000" /><testcase classname="tests.mathematical.test_formulas.TestUtilizationFormulas" name="test_combined_utilization_weighted" time="0.000" /><testcase classname="tests.mathematical.test_formulas.TestUtilizationFormulas" name="test_seat_utilization" time="0.000" /><testcase classname="tests.mathematical.test_formulas.TestPenaltyWeights" name="test_hard_penalty_dominates_soft" time="0.000" /><testcase classname="tests.mathematical.test_formulas.TestPenaltyWeights" name="test_base_fitness_high_enough" time="0.000" /><testcase classname="tests.mathematical.test_formulas.TestPenaltyWeights" name="test_fitness_monotonic_with_penalties" time="0.000" /><testcase classname="tests.mathematical.test_formulas.TestGreedyScoreFormula" name="test_greedy_score_formula" time="0.000" /><testcase classname="tests.mathematical.test_formulas.TestCompareFormula" name="test_compare_by_score" time="0.001" /></testsuite></testsuites>